Using pre-set license
Built from '2020.2/release' branch; Version is '2020.2.1f1 (270dd8c3da1c) revision 2559448'; Using compiler version '192528614'; Build Type 'Release'
OS: 'Windows 10  (10.0.0) 64bit' Language: 'en' Physical Memory: 16245 MB
BatchMode: 1, IsHumanControllingUs: 0, StartBugReporterOnCrash: 0, Is64bit: 1, IsPro: 0

 COMMAND LINE ARGUMENTS:
C:\Program Files\Unity\Hub\Editor\2020.2.1f1\Editor\Unity.exe
-adb2
-batchMode
-noUpm
-name
AssetImportWorker0
-projectPath
C:/Users/anali/Documents/GitHub/Thesis2_Spring2021/Thesis_Project_2021
-logFile
Logs/AssetImportWorker0.log
-srvPort
63868
Successfully changed project path to: C:/Users/anali/Documents/GitHub/Thesis2_Spring2021/Thesis_Project_2021
C:/Users/anali/Documents/GitHub/Thesis2_Spring2021/Thesis_Project_2021
Using Asset Import Pipeline V2.
Refreshing native plugins compatible for Editor in 31.05 ms, found 1 plugins.
Preloading 0 native plugins for Editor in 0.00 ms.
Initialize engine version: 2020.2.1f1 (270dd8c3da1c)
[Subsystems] Discovering subsystems at path C:/Program Files/Unity/Hub/Editor/2020.2.1f1/Editor/Data/Resources/UnitySubsystems
[Subsystems] Discovering subsystems at path C:/Users/anali/Documents/GitHub/Thesis2_Spring2021/Thesis_Project_2021/Assets
GfxDevice: creating device client; threaded=0
Direct3D:
    Version:  Direct3D 11.0 [level 11.1]
    Renderer: NVIDIA GeForce RTX 2070 with Max-Q Design (ID=0x1f14)
    Vendor:   
    VRAM:     8031 MB
    Driver:   26.21.14.4253
Initialize mono
Mono path[0] = 'C:/Program Files/Unity/Hub/Editor/2020.2.1f1/Editor/Data/Managed'
Mono path[1] = 'C:/Program Files/Unity/Hub/Editor/2020.2.1f1/Editor/Data/MonoBleedingEdge/lib/mono/unityjit'
Mono config path = 'C:/Program Files/Unity/Hub/Editor/2020.2.1f1/Editor/Data/MonoBleedingEdge/etc'
Using monoOptions --debugger-agent=transport=dt_socket,embedding=1,server=y,suspend=n,address=127.0.0.1:56092
Begin MonoManager ReloadAssembly
Registering precompiled unity dll's ...
Register platform support module: C:/Program Files/Unity/Hub/Editor/2020.2.1f1/Editor/Data/PlaybackEngines/WebGLSupport/UnityEditor.WebGL.Extensions.dll
Register platform support module: C:/Program Files/Unity/Hub/Editor/2020.2.1f1/Editor/Data/PlaybackEngines/MacStandaloneSupport/UnityEditor.OSXStandalone.Extensions.dll
Register platform support module: C:/Program Files/Unity/Hub/Editor/2020.2.1f1/Editor/Data/PlaybackEngines/WindowsStandaloneSupport/UnityEditor.WindowsStandalone.Extensions.dll
Registered in 0.001792 seconds.
Native extension for WindowsStandalone target not found
Native extension for OSXStandalone target not found
Native extension for WebGL target not found
Refreshing native plugins compatible for Editor in 28.63 ms, found 1 plugins.
Preloading 0 native plugins for Editor in 0.00 ms.
Invoked RoslynAnalysisRunner static constructor.
RoslynAnalysisRunner will not be running.
RoslynAnalysisRunner has terminated.
Mono: successfully reloaded assembly
- Completed reload, in  1.629 seconds
Platform modules already initialized, skipping
Registering precompiled user dll's ...
Registered in 0.000760 seconds.
Begin MonoManager ReloadAssembly
Native extension for WindowsStandalone target not found
Native extension for OSXStandalone target not found
Native extension for WebGL target not found
Refreshing native plugins compatible for Editor in 28.48 ms, found 1 plugins.
Preloading 0 native plugins for Editor in 0.00 ms.
Invoked RoslynAnalysisRunner static constructor.
RoslynAnalysisRunner will not be running.
RoslynAnalysisRunner has terminated.
Mono: successfully reloaded assembly
- Completed reload, in  0.722 seconds
Platform modules already initialized, skipping
========================================================================
Worker process is ready to serve import requests
Launched and connected shader compiler UnityShaderCompiler.exe after 0.02 seconds
Refreshing native plugins compatible for Editor in 0.30 ms, found 1 plugins.
Preloading 0 native plugins for Editor in 0.00 ms.
Unloading 1797 Unused Serialized files (Serialized files now loaded: 0)
System memory in use before: 83.9 MB.
System memory in use after: 83.8 MB.

Unloading 24 unused Assets to reduce memory usage. Loaded Objects now: 2236.
Total: 1.514000 ms (FindLiveObjects: 0.148900 ms CreateObjectMapping: 0.056300 ms MarkObjects: 1.228200 ms  DeleteObjects: 0.079700 ms)

========================================================================
Received Import Request.
  path: Assets/Movement_Player.cs
  artifactKey: Guid(792e403fc32ecea42af89aa52ba4dc60) Importer(815301076,1909f56bfc062723c751e8b465ee728b)
Start importing Assets/Movement_Player.cs using Guid(792e403fc32ecea42af89aa52ba4dc60) Importer(815301076,1909f56bfc062723c751e8b465ee728b)  -> (artifact id: '6d78b97f36805fd1c449d7320741b2ea') in 0.083095 seconds
  Import took 0.086316 seconds .

========================================================================
Received Prepare
Registering precompiled user dll's ...
Registered in 0.000668 seconds.
Begin MonoManager ReloadAssembly
Native extension for WindowsStandalone target not found
Native extension for OSXStandalone target not found
Native extension for WebGL target not found
Refreshing native plugins compatible for Editor in 0.30 ms, found 1 plugins.
Preloading 0 native plugins for Editor in 0.00 ms.
Invoked RoslynAnalysisRunner static constructor.
RoslynAnalysisRunner will not be running.
RoslynAnalysisRunner has terminated.
Mono: successfully reloaded assembly
- Completed reload, in  0.681 seconds
Platform modules already initialized, skipping
Refreshing native plugins compatible for Editor in 0.31 ms, found 1 plugins.
Preloading 0 native plugins for Editor in 0.00 ms.
Unloading 1792 Unused Serialized files (Serialized files now loaded: 0)
System memory in use before: 83.9 MB.
System memory in use after: 83.9 MB.

Unloading 12 unused Assets to reduce memory usage. Loaded Objects now: 2239.
Total: 1.986300 ms (FindLiveObjects: 0.168400 ms CreateObjectMapping: 0.062400 ms MarkObjects: 1.622300 ms  DeleteObjects: 0.132000 ms)

========================================================================
Received Prepare
Registering precompiled user dll's ...
Registered in 0.000644 seconds.
Begin MonoManager ReloadAssembly
Native extension for WindowsStandalone target not found
Native extension for OSXStandalone target not found
Native extension for WebGL target not found
Refreshing native plugins compatible for Editor in 0.34 ms, found 1 plugins.
Preloading 0 native plugins for Editor in 0.00 ms.
Invoked RoslynAnalysisRunner static constructor.
RoslynAnalysisRunner will not be running.
RoslynAnalysisRunner has terminated.
Mono: successfully reloaded assembly
- Completed reload, in  0.670 seconds
Platform modules already initialized, skipping
Refreshing native plugins compatible for Editor in 0.34 ms, found 1 plugins.
Preloading 0 native plugins for Editor in 0.00 ms.
Unloading 1792 Unused Serialized files (Serialized files now loaded: 0)
System memory in use before: 84.0 MB.
System memory in use after: 84.0 MB.

Unloading 12 unused Assets to reduce memory usage. Loaded Objects now: 2242.
Total: 1.646200 ms (FindLiveObjects: 0.187200 ms CreateObjectMapping: 0.069600 ms MarkObjects: 1.271200 ms  DeleteObjects: 0.117400 ms)

========================================================================
Received Import Request.
  Time since last request: 67.285487 seconds.
  path: Assets/Movement_Player.cs
  artifactKey: Guid(792e403fc32ecea42af89aa52ba4dc60) Importer(815301076,1909f56bfc062723c751e8b465ee728b)
Start importing Assets/Movement_Player.cs using Guid(792e403fc32ecea42af89aa52ba4dc60) Importer(815301076,1909f56bfc062723c751e8b465ee728b)  -> (artifact id: '4b7cc5b43a2076e673989c05a011ff4b') in 0.004388 seconds
  Import took 0.015197 seconds .

========================================================================
Received Prepare
Registering precompiled user dll's ...
Registered in 0.001313 seconds.
Begin MonoManager ReloadAssembly
Native extension for WindowsStandalone target not found
Native extension for OSXStandalone target not found
Native extension for WebGL target not found
Refreshing native plugins compatible for Editor in 0.31 ms, found 1 plugins.
Preloading 0 native plugins for Editor in 0.00 ms.
Invoked RoslynAnalysisRunner static constructor.
RoslynAnalysisRunner will not be running.
RoslynAnalysisRunner has terminated.
Mono: successfully reloaded assembly
- Completed reload, in  0.649 seconds
Platform modules already initialized, skipping
Refreshing native plugins compatible for Editor in 0.31 ms, found 1 plugins.
Preloading 0 native plugins for Editor in 0.00 ms.
Unloading 1792 Unused Serialized files (Serialized files now loaded: 0)
System memory in use before: 84.1 MB.
System memory in use after: 84.1 MB.

Unloading 12 unused Assets to reduce memory usage. Loaded Objects now: 2245.
Total: 1.661000 ms (FindLiveObjects: 0.178300 ms CreateObjectMapping: 0.108600 ms MarkObjects: 1.279500 ms  DeleteObjects: 0.093800 ms)

========================================================================
Received Import Request.
  Time since last request: 166017.314534 seconds.
  path: Assets/Movement_Player.cs
  artifactKey: Guid(792e403fc32ecea42af89aa52ba4dc60) Importer(815301076,1909f56bfc062723c751e8b465ee728b)
Start importing Assets/Movement_Player.cs using Guid(792e403fc32ecea42af89aa52ba4dc60) Importer(815301076,1909f56bfc062723c751e8b465ee728b)  -> (artifact id: 'ae721d9ec3f72cdb399db1b762495e9e') in 0.162345 seconds
  Import took 0.346006 seconds .

========================================================================
Received Import Request.
  Time since last request: 67.956569 seconds.
  path: Assets/Movement_Player.cs
  artifactKey: Guid(792e403fc32ecea42af89aa52ba4dc60) Importer(815301076,1909f56bfc062723c751e8b465ee728b)
Start importing Assets/Movement_Player.cs using Guid(792e403fc32ecea42af89aa52ba4dc60) Importer(815301076,1909f56bfc062723c751e8b465ee728b)  -> (artifact id: 'ca934353992c10b0f49905b7c629a865') in 0.003190 seconds
  Import took 0.006218 seconds .

========================================================================
Received Import Request.
  Time since last request: 28.910268 seconds.
  path: Assets/Movement_Player.cs
  artifactKey: Guid(792e403fc32ecea42af89aa52ba4dc60) Importer(815301076,1909f56bfc062723c751e8b465ee728b)
Start importing Assets/Movement_Player.cs using Guid(792e403fc32ecea42af89aa52ba4dc60) Importer(815301076,1909f56bfc062723c751e8b465ee728b)  -> (artifact id: '682f75224e6b00a29426cc99922a48c0') in 0.002556 seconds
  Import took 0.005539 seconds .

========================================================================
Received Prepare
Registering precompiled user dll's ...
Registered in 0.001197 seconds.
Begin MonoManager ReloadAssembly
Native extension for WindowsStandalone target not found
Native extension for OSXStandalone target not found
Native extension for WebGL target not found
Refreshing native plugins compatible for Editor in 0.36 ms, found 1 plugins.
Preloading 0 native plugins for Editor in 0.00 ms.
Invoked RoslynAnalysisRunner static constructor.
RoslynAnalysisRunner will not be running.
RoslynAnalysisRunner has terminated.
Mono: successfully reloaded assembly
- Completed reload, in  0.899 seconds
Platform modules already initialized, skipping
Refreshing native plugins compatible for Editor in 0.30 ms, found 1 plugins.
Preloading 0 native plugins for Editor in 0.00 ms.
Unloading 1792 Unused Serialized files (Serialized files now loaded: 0)
System memory in use before: 84.1 MB.
System memory in use after: 84.1 MB.

Unloading 12 unused Assets to reduce memory usage. Loaded Objects now: 2248.
Total: 1.939100 ms (FindLiveObjects: 0.190200 ms CreateObjectMapping: 0.052100 ms MarkObjects: 1.611100 ms  DeleteObjects: 0.084700 ms)

========================================================================
Received Import Request.
  Time since last request: 59.294969 seconds.
  path: Assets/Movement_Player.cs
  artifactKey: Guid(792e403fc32ecea42af89aa52ba4dc60) Importer(815301076,1909f56bfc062723c751e8b465ee728b)
Start importing Assets/Movement_Player.cs using Guid(792e403fc32ecea42af89aa52ba4dc60) Importer(815301076,1909f56bfc062723c751e8b465ee728b)  -> (artifact id: 'b4aec4c634ff152cb752b246acea9a1f') in 0.008272 seconds
  Import took 0.020063 seconds .

========================================================================
Received Import Request.
  Time since last request: 0.011671 seconds.
  path: Assets/Movement_Player.cs
  artifactKey: Guid(792e403fc32ecea42af89aa52ba4dc60) Importer(815301076,1909f56bfc062723c751e8b465ee728b)
Start importing Assets/Movement_Player.cs using Guid(792e403fc32ecea42af89aa52ba4dc60) Importer(815301076,1909f56bfc062723c751e8b465ee728b)  -> (artifact id: 'b4aec4c634ff152cb752b246acea9a1f') in 0.003363 seconds
  Import took 0.006391 seconds .

========================================================================
Received Prepare
Registering precompiled user dll's ...
Registered in 0.000762 seconds.
Begin MonoManager ReloadAssembly
Native extension for WindowsStandalone target not found
Native extension for OSXStandalone target not found
Native extension for WebGL target not found
Refreshing native plugins compatible for Editor in 0.32 ms, found 1 plugins.
Preloading 0 native plugins for Editor in 0.00 ms.
Invoked RoslynAnalysisRunner static constructor.
RoslynAnalysisRunner will not be running.
RoslynAnalysisRunner has terminated.
Mono: successfully reloaded assembly
- Completed reload, in  0.679 seconds
Platform modules already initialized, skipping
Refreshing native plugins compatible for Editor in 0.36 ms, found 1 plugins.
Preloading 0 native plugins for Editor in 0.00 ms.
Unloading 1792 Unused Serialized files (Serialized files now loaded: 0)
System memory in use before: 84.2 MB.
System memory in use after: 84.2 MB.

Unloading 12 unused Assets to reduce memory usage. Loaded Objects now: 2251.
Total: 1.726000 ms (FindLiveObjects: 0.209700 ms CreateObjectMapping: 0.115300 ms MarkObjects: 1.322000 ms  DeleteObjects: 0.078500 ms)

========================================================================
Received Import Request.
  Time since last request: 109.503194 seconds.
  path: Assets/Movement_Player.cs
  artifactKey: Guid(792e403fc32ecea42af89aa52ba4dc60) Importer(815301076,1909f56bfc062723c751e8b465ee728b)
Start importing Assets/Movement_Player.cs using Guid(792e403fc32ecea42af89aa52ba4dc60) Importer(815301076,1909f56bfc062723c751e8b465ee728b)  -> (artifact id: 'a6255d1e669b7b5a5b56df93379a35e8') in 0.004164 seconds
  Import took 0.006771 seconds .

========================================================================
Received Prepare
Registering precompiled user dll's ...
Registered in 0.000715 seconds.
Begin MonoManager ReloadAssembly
Native extension for WindowsStandalone target not found
Native extension for OSXStandalone target not found
Native extension for WebGL target not found
Refreshing native plugins compatible for Editor in 0.31 ms, found 1 plugins.
Preloading 0 native plugins for Editor in 0.00 ms.
Invoked RoslynAnalysisRunner static constructor.
RoslynAnalysisRunner will not be running.
RoslynAnalysisRunner has terminated.
Mono: successfully reloaded assembly
- Completed reload, in  0.674 seconds
Platform modules already initialized, skipping
Refreshing native plugins compatible for Editor in 0.32 ms, found 1 plugins.
Preloading 0 native plugins for Editor in 0.00 ms.
Unloading 1792 Unused Serialized files (Serialized files now loaded: 0)
System memory in use before: 84.3 MB.
System memory in use after: 84.3 MB.

Unloading 12 unused Assets to reduce memory usage. Loaded Objects now: 2254.
Total: 1.709300 ms (FindLiveObjects: 0.159100 ms CreateObjectMapping: 0.064100 ms MarkObjects: 1.409800 ms  DeleteObjects: 0.075500 ms)

========================================================================
Received Import Request.
  Time since last request: 207.874725 seconds.
  path: Assets/Movement_Player.cs
  artifactKey: Guid(792e403fc32ecea42af89aa52ba4dc60) Importer(815301076,1909f56bfc062723c751e8b465ee728b)
Start importing Assets/Movement_Player.cs using Guid(792e403fc32ecea42af89aa52ba4dc60) Importer(815301076,1909f56bfc062723c751e8b465ee728b)  -> (artifact id: '1f0dfa9e35d78a81a2b92095a6471e3d') in 0.004527 seconds
  Import took 0.007122 seconds .

========================================================================
Received Prepare
Registering precompiled user dll's ...
Registered in 0.001237 seconds.
Begin MonoManager ReloadAssembly
Native extension for WindowsStandalone target not found
Native extension for OSXStandalone target not found
Native extension for WebGL target not found
Refreshing native plugins compatible for Editor in 0.34 ms, found 1 plugins.
Preloading 0 native plugins for Editor in 0.00 ms.
Invoked RoslynAnalysisRunner static constructor.
RoslynAnalysisRunner will not be running.
RoslynAnalysisRunner has terminated.
Mono: successfully reloaded assembly
- Completed reload, in  0.763 seconds
Platform modules already initialized, skipping
Refreshing native plugins compatible for Editor in 0.30 ms, found 1 plugins.
Preloading 0 native plugins for Editor in 0.00 ms.
Unloading 1792 Unused Serialized files (Serialized files now loaded: 0)
System memory in use before: 84.3 MB.
System memory in use after: 84.3 MB.

Unloading 12 unused Assets to reduce memory usage. Loaded Objects now: 2257.
Total: 2.327600 ms (FindLiveObjects: 0.177400 ms CreateObjectMapping: 0.059800 ms MarkObjects: 1.932100 ms  DeleteObjects: 0.157400 ms)

========================================================================
Received Import Request.
  Time since last request: 6436.093484 seconds.
  path: Assets/Movement_Player.cs
  artifactKey: Guid(792e403fc32ecea42af89aa52ba4dc60) Importer(815301076,1909f56bfc062723c751e8b465ee728b)
Start importing Assets/Movement_Player.cs using Guid(792e403fc32ecea42af89aa52ba4dc60) Importer(815301076,1909f56bfc062723c751e8b465ee728b)  -> (artifact id: 'd3821c35e52c9d71ded3a1452a8e3426') in 0.005279 seconds
  Import took 0.008115 seconds .

========================================================================
Received Import Request.
  Time since last request: 0.024183 seconds.
  path: Assets/Movement_Player.cs
  artifactKey: Guid(792e403fc32ecea42af89aa52ba4dc60) Importer(815301076,1909f56bfc062723c751e8b465ee728b)
Start importing Assets/Movement_Player.cs using Guid(792e403fc32ecea42af89aa52ba4dc60) Importer(815301076,1909f56bfc062723c751e8b465ee728b)  -> (artifact id: 'd3821c35e52c9d71ded3a1452a8e3426') in 0.003360 seconds
  Import took 0.006495 seconds .

========================================================================
Received Prepare
Registering precompiled user dll's ...
Registered in 0.000718 seconds.
Begin MonoManager ReloadAssembly
Native extension for WindowsStandalone target not found
Native extension for OSXStandalone target not found
Native extension for WebGL target not found
Refreshing native plugins compatible for Editor in 0.39 ms, found 1 plugins.
Preloading 0 native plugins for Editor in 0.00 ms.
Invoked RoslynAnalysisRunner static constructor.
RoslynAnalysisRunner will not be running.
RoslynAnalysisRunner has terminated.
Mono: successfully reloaded assembly
- Completed reload, in  0.694 seconds
Platform modules already initialized, skipping
Refreshing native plugins compatible for Editor in 0.34 ms, found 1 plugins.
Preloading 0 native plugins for Editor in 0.00 ms.
Unloading 1792 Unused Serialized files (Serialized files now loaded: 0)
System memory in use before: 84.4 MB.
System memory in use after: 84.4 MB.

Unloading 12 unused Assets to reduce memory usage. Loaded Objects now: 2260.
Total: 2.485200 ms (FindLiveObjects: 0.398200 ms CreateObjectMapping: 0.133100 ms MarkObjects: 1.797200 ms  DeleteObjects: 0.133800 ms)

========================================================================
Received Prepare
Registering precompiled user dll's ...
Registered in 0.000931 seconds.
Begin MonoManager ReloadAssembly
Native extension for WindowsStandalone target not found
Native extension for OSXStandalone target not found
Native extension for WebGL target not found
Refreshing native plugins compatible for Editor in 0.43 ms, found 1 plugins.
Preloading 0 native plugins for Editor in 0.00 ms.
Invoked RoslynAnalysisRunner static constructor.
RoslynAnalysisRunner will not be running.
RoslynAnalysisRunner has terminated.
Mono: successfully reloaded assembly
- Completed reload, in  0.862 seconds
Platform modules already initialized, skipping
Refreshing native plugins compatible for Editor in 0.42 ms, found 1 plugins.
Preloading 0 native plugins for Editor in 0.00 ms.
Unloading 1792 Unused Serialized files (Serialized files now loaded: 0)
System memory in use before: 84.5 MB.
System memory in use after: 84.5 MB.

Unloading 12 unused Assets to reduce memory usage. Loaded Objects now: 2263.
Total: 2.497700 ms (FindLiveObjects: 0.467000 ms CreateObjectMapping: 0.163400 ms MarkObjects: 1.770400 ms  DeleteObjects: 0.093800 ms)

========================================================================
Received Prepare
Registering precompiled user dll's ...
Registered in 0.000816 seconds.
Begin MonoManager ReloadAssembly
Native extension for WindowsStandalone target not found
Native extension for OSXStandalone target not found
Native extension for WebGL target not found
Refreshing native plugins compatible for Editor in 0.33 ms, found 1 plugins.
Preloading 0 native plugins for Editor in 0.00 ms.
Invoked RoslynAnalysisRunner static constructor.
RoslynAnalysisRunner will not be running.
RoslynAnalysisRunner has terminated.
Mono: successfully reloaded assembly
- Completed reload, in  0.695 seconds
Platform modules already initialized, skipping
Refreshing native plugins compatible for Editor in 0.31 ms, found 1 plugins.
Preloading 0 native plugins for Editor in 0.00 ms.
Unloading 1792 Unused Serialized files (Serialized files now loaded: 0)
System memory in use before: 84.5 MB.
System memory in use after: 84.5 MB.

Unloading 12 unused Assets to reduce memory usage. Loaded Objects now: 2266.
Total: 1.933600 ms (FindLiveObjects: 0.225700 ms CreateObjectMapping: 0.082800 ms MarkObjects: 1.535300 ms  DeleteObjects: 0.088000 ms)

========================================================================
Received Prepare
Registering precompiled user dll's ...
Registered in 0.000777 seconds.
Begin MonoManager ReloadAssembly
Native extension for WindowsStandalone target not found
Native extension for OSXStandalone target not found
Native extension for WebGL target not found
Refreshing native plugins compatible for Editor in 0.30 ms, found 1 plugins.
Preloading 0 native plugins for Editor in 0.00 ms.
Invoked RoslynAnalysisRunner static constructor.
RoslynAnalysisRunner will not be running.
RoslynAnalysisRunner has terminated.
Mono: successfully reloaded assembly
- Completed reload, in  0.707 seconds
Platform modules already initialized, skipping
Refreshing native plugins compatible for Editor in 0.31 ms, found 1 plugins.
Preloading 0 native plugins for Editor in 0.00 ms.
Unloading 1792 Unused Serialized files (Serialized files now loaded: 0)
System memory in use before: 84.6 MB.
System memory in use after: 84.6 MB.

Unloading 12 unused Assets to reduce memory usage. Loaded Objects now: 2269.
Total: 1.668000 ms (FindLiveObjects: 0.202900 ms CreateObjectMapping: 0.064000 ms MarkObjects: 1.302400 ms  DeleteObjects: 0.097700 ms)

========================================================================
Received Prepare
Registering precompiled user dll's ...
Registered in 0.000673 seconds.
Begin MonoManager ReloadAssembly
Native extension for WindowsStandalone target not found
Native extension for OSXStandalone target not found
Native extension for WebGL target not found
Refreshing native plugins compatible for Editor in 0.46 ms, found 1 plugins.
Preloading 0 native plugins for Editor in 0.00 ms.
Invoked RoslynAnalysisRunner static constructor.
RoslynAnalysisRunner will not be running.
RoslynAnalysisRunner has terminated.
Mono: successfully reloaded assembly
- Completed reload, in  0.724 seconds
Platform modules already initialized, skipping
Refreshing native plugins compatible for Editor in 0.30 ms, found 1 plugins.
Preloading 0 native plugins for Editor in 0.00 ms.
Unloading 1792 Unused Serialized files (Serialized files now loaded: 0)
System memory in use before: 84.7 MB.
System memory in use after: 84.7 MB.

Unloading 12 unused Assets to reduce memory usage. Loaded Objects now: 2272.
Total: 2.182400 ms (FindLiveObjects: 0.430200 ms CreateObjectMapping: 0.107200 ms MarkObjects: 1.522800 ms  DeleteObjects: 0.120700 ms)

========================================================================
Received Import Request.
  Time since last request: 3696.864893 seconds.
  path: Assets/Scenes/Title.unity
  artifactKey: Guid(2cda990e2423bbf4892e6590ba056729) Importer(815301076,1909f56bfc062723c751e8b465ee728b)
Start importing Assets/Scenes/Title.unity using Guid(2cda990e2423bbf4892e6590ba056729) Importer(815301076,1909f56bfc062723c751e8b465ee728b)  -> (artifact id: '5a71f138b2f6046dcff950fb48a2e2bf') in 0.019752 seconds
  Import took 0.022171 seconds .

========================================================================
Received Prepare
Registering precompiled user dll's ...
Registered in 0.000627 seconds.
Begin MonoManager ReloadAssembly
Native extension for WindowsStandalone target not found
Native extension for OSXStandalone target not found
Native extension for WebGL target not found
Refreshing native plugins compatible for Editor in 0.29 ms, found 1 plugins.
Preloading 0 native plugins for Editor in 0.00 ms.
Invoked RoslynAnalysisRunner static constructor.
RoslynAnalysisRunner will not be running.
RoslynAnalysisRunner has terminated.
Mono: successfully reloaded assembly
- Completed reload, in  0.700 seconds
Platform modules already initialized, skipping
Refreshing native plugins compatible for Editor in 0.30 ms, found 1 plugins.
Preloading 0 native plugins for Editor in 0.00 ms.
Unloading 1793 Unused Serialized files (Serialized files now loaded: 0)
System memory in use before: 84.8 MB.
System memory in use after: 84.8 MB.

Unloading 12 unused Assets to reduce memory usage. Loaded Objects now: 2276.
Total: 2.615000 ms (FindLiveObjects: 0.154000 ms CreateObjectMapping: 0.056300 ms MarkObjects: 1.436700 ms  DeleteObjects: 0.967200 ms)

========================================================================
Received Prepare
Registering precompiled user dll's ...
Registered in 0.000795 seconds.
Begin MonoManager ReloadAssembly
Native extension for WindowsStandalone target not found
Native extension for OSXStandalone target not found
Native extension for WebGL target not found
Refreshing native plugins compatible for Editor in 0.41 ms, found 1 plugins.
Preloading 0 native plugins for Editor in 0.00 ms.
Invoked RoslynAnalysisRunner static constructor.
RoslynAnalysisRunner will not be running.
RoslynAnalysisRunner has terminated.
Mono: successfully reloaded assembly
- Completed reload, in  0.695 seconds
Platform modules already initialized, skipping
Refreshing native plugins compatible for Editor in 0.30 ms, found 1 plugins.
Preloading 0 native plugins for Editor in 0.00 ms.
Unloading 1793 Unused Serialized files (Serialized files now loaded: 0)
System memory in use before: 84.8 MB.
System memory in use after: 84.8 MB.

Unloading 12 unused Assets to reduce memory usage. Loaded Objects now: 2279.
Total: 1.933200 ms (FindLiveObjects: 0.186300 ms CreateObjectMapping: 0.066900 ms MarkObjects: 1.553300 ms  DeleteObjects: 0.125700 ms)

========================================================================
Received Import Request.
  Time since last request: 1618.588278 seconds.
  path: Assets/Sprites/Square.png
  artifactKey: Guid(a10e258279b354543be6df4d178c826e) Importer(815301076,1909f56bfc062723c751e8b465ee728b)
Start importing Assets/Sprites/Square.png using Guid(a10e258279b354543be6df4d178c826e) Importer(815301076,1909f56bfc062723c751e8b465ee728b)  -> (artifact id: '2d3aac36d846a6e856f158119b34a44f') in 0.125393 seconds
  Import took 0.128167 seconds .

========================================================================
Received Import Request.
  Time since last request: 0.004195 seconds.
  path: Assets/Sprites/Square.png
  artifactKey: Guid(a10e258279b354543be6df4d178c826e) Importer(815301076,1909f56bfc062723c751e8b465ee728b)
Start importing Assets/Sprites/Square.png using Guid(a10e258279b354543be6df4d178c826e) Importer(815301076,1909f56bfc062723c751e8b465ee728b)  -> (artifact id: '2d3aac36d846a6e856f158119b34a44f') in 0.010811 seconds
  Import took 0.013815 seconds .

========================================================================
Received Prepare
Registering precompiled user dll's ...
Registered in 0.000753 seconds.
Begin MonoManager ReloadAssembly
Native extension for WindowsStandalone target not found
Native extension for OSXStandalone target not found
Native extension for WebGL target not found
Refreshing native plugins compatible for Editor in 0.32 ms, found 1 plugins.
Preloading 0 native plugins for Editor in 0.00 ms.
Invoked RoslynAnalysisRunner static constructor.
RoslynAnalysisRunner will not be running.
RoslynAnalysisRunner has terminated.
Mono: successfully reloaded assembly
- Completed reload, in  0.674 seconds
Platform modules already initialized, skipping
Refreshing native plugins compatible for Editor in 0.33 ms, found 1 plugins.
Preloading 0 native plugins for Editor in 0.00 ms.
Unloading 1793 Unused Serialized files (Serialized files now loaded: 0)
System memory in use before: 88.0 MB.
System memory in use after: 88.0 MB.

Unloading 12 unused Assets to reduce memory usage. Loaded Objects now: 2288.
Total: 1.690800 ms (FindLiveObjects: 0.166100 ms CreateObjectMapping: 0.060700 ms MarkObjects: 1.370400 ms  DeleteObjects: 0.092400 ms)

========================================================================
Received Import Request.
  Time since last request: 521.879228 seconds.
  path: Assets/Scenes/One Time Scenes
  artifactKey: Guid(17d28301dfe5f974aac734434976c329) Importer(815301076,1909f56bfc062723c751e8b465ee728b)
Start importing Assets/Scenes/One Time Scenes using Guid(17d28301dfe5f974aac734434976c329) Importer(815301076,1909f56bfc062723c751e8b465ee728b)  -> (artifact id: 'b016895db010de7cc83f3719a7fa55b6') in 0.010704 seconds
  Import took 0.014162 seconds .

========================================================================
Received Prepare
Registering precompiled user dll's ...
Registered in 0.001125 seconds.
Begin MonoManager ReloadAssembly
Native extension for WindowsStandalone target not found
Native extension for OSXStandalone target not found
Native extension for WebGL target not found
Refreshing native plugins compatible for Editor in 0.29 ms, found 1 plugins.
Preloading 0 native plugins for Editor in 0.00 ms.
Invoked RoslynAnalysisRunner static constructor.
RoslynAnalysisRunner will not be running.
RoslynAnalysisRunner has terminated.
Mono: successfully reloaded assembly
- Completed reload, in  0.726 seconds
Platform modules already initialized, skipping
Refreshing native plugins compatible for Editor in 0.31 ms, found 1 plugins.
Preloading 0 native plugins for Editor in 0.00 ms.
Unloading 1793 Unused Serialized files (Serialized files now loaded: 0)
System memory in use before: 88.0 MB.
System memory in use after: 88.0 MB.

Unloading 12 unused Assets to reduce memory usage. Loaded Objects now: 2291.
Total: 2.023700 ms (FindLiveObjects: 0.305400 ms CreateObjectMapping: 0.105800 ms MarkObjects: 1.452400 ms  DeleteObjects: 0.159000 ms)

AssetImportWorkerClient::OnTransportError - code=2 error=End of file
